#
# There is insufficient memory for the Java Runtime Environment to continue.
# Native memory allocation (mmap) failed to map 199229440 bytes. Error detail: G1 virtual space
# Possible reasons:
#   The system is out of physical RAM or swap space
#   This process is running with CompressedOops enabled, and the Java Heap may be blocking the growth of the native heap
# Possible solutions:
#   Reduce memory load on the system
#   Increase physical memory or swap space
#   Check if swap backing store is full
#   Decrease Java heap size (-Xmx/-Xms)
#   Decrease number of Java threads
#   Decrease Java thread stack sizes (-Xss)
#   Set larger code cache with -XX:ReservedCodeCacheSize=
#   JVM is running with Zero Based Compressed Oops mode in which the Java heap is
#     placed in the first 32GB address space. The Java Heap base address is the
#     maximum limit for the native heap growth. Please use -XX:HeapBaseMinAddress
#     to set the Java Heap base and to place the Java Heap above 32GB virtual address.
# This output file may be truncated or incomplete.
#
#  Out of Memory Error (os_windows.cpp:3631), pid=2344, tid=3052
#
# JRE version:  (22.0.1+8) (build )
# Java VM: Java HotSpot(TM) 64-Bit Server VM (22.0.1+8-16, mixed mode, sharing, tiered, compressed oops, compressed class ptrs, g1 gc, windows-amd64)
# No core dump will be written. Minidumps are not enabled by default on client versions of Windows
#

---------------  S U M M A R Y ------------

Command Line: -Dfile.encoding=UTF-8 -Dstdout.encoding=UTF-8 -Dstderr.encoding=UTF-8 -XX:+ShowCodeDetailsInExceptionMessages capitals.Main

Host: Intel(R) Core(TM) i5-10210U CPU @ 1.60GHz, 8 cores, 11G,  Windows 11 , 64 bit Build 22621 (10.0.22621.3672)
Time: Sat Jul  6 15:25:28 2024 Eastern Daylight Time elapsed time: 0.020381 seconds (0d 0h 0m 0s)

---------------  T H R E A D  ---------------

Current thread (0x000002747f22f900):  JavaThread "Unknown thread" [_thread_in_vm, id=3052, stack(0x000000894d900000,0x000000894da00000) (1024K)]

Stack: [0x000000894d900000,0x000000894da00000]
Native frames: (J=compiled Java code, j=interpreted, Vv=VM code, C=native code)
V  [jvm.dll+0x6e2279]  (no source info available)
V  [jvm.dll+0x874e33]  (no source info available)
V  [jvm.dll+0x87725e]  (no source info available)
V  [jvm.dll+0x877933]  (no source info available)
V  [jvm.dll+0x27fd76]  (no source info available)
V  [jvm.dll+0x6de915]  (no source info available)
V  [jvm.dll+0x6d341a]  (no source info available)
V  [jvm.dll+0x3589da]  (no source info available)
V  [jvm.dll+0x360f06]  (no source info available)
V  [jvm.dll+0x3b3e2e]  (no source info available)
V  [jvm.dll+0x3b40d8]  (no source info available)
V  [jvm.dll+0x32c59c]  (no source info available)
V  [jvm.dll+0x32d158]  (no source info available)
V  [jvm.dll+0x83ccdc]  (no source info available)
V  [jvm.dll+0x3c0d71]  (no source info available)
V  [jvm.dll+0x825ccc]  (no source info available)
V  [jvm.dll+0x45b8fe]  (no source info available)
V  [jvm.dll+0x45d781]  (no source info available)
C  [jli.dll+0x52a3]  (no source info available)
C  [ucrtbase.dll+0x29333]  (no source info available)
C  [KERNEL32.DLL+0x1257d]  (no source info available)
C  [ntdll.dll+0x5af28]  (no source info available)


---------------  P R O C E S S  ---------------

Threads class SMR info:
_java_thread_list=0x00007ffca1bbb1c8, length=0, elements={
}

Java Threads: ( => current thread )
Total: 0

Other Threads:
  0x000002747f27fd70 WorkerThread "GC Thread#0"                     [id=13672, stack(0x000000894da00000,0x000000894db00000) (1024K)]
  0x000002747f28fbb0 ConcurrentGCThread "G1 Main Marker"            [id=12904, stack(0x000000894db00000,0x000000894dc00000) (1024K)]
  0x000002747f2905d0 WorkerThread "G1 Conc#0"                       [id=15712, stack(0x000000894dc00000,0x000000894dd00000) (1024K)]

[error occurred during error reporting (printing all threads), id 0xc0000005, EXCEPTION_ACCESS_VIOLATION (0xc0000005) at pc=0x00007ffca130f367]
VM state: not at safepoint (not fully initialized)

VM Mutex/Monitor currently owned by a thread:  ([mutex/lock_event])
[0x00007ffca1c3bcb8] Heap_lock - owner thread: 0x000002747f22f900

Heap address: 0x0000000742400000, size: 3036 MB, Compressed Oops mode: Zero based, Oop shift amount: 3

CDS archive(s) mapped at: [0x0000000000000000-0x0000000000000000-0x0000000000000000), size 0, SharedBaseAddress: 0x0000000800000000, ArchiveRelocationMode: 1.
Narrow klass base: 0x0000000000000000, Narrow klass shift: 0, Narrow klass range: 0x0

GC Precious Log:
 CardTable entry size: 512
 Card Set container configuration: InlinePtr #cards 4 size 8 Array Of Cards #cards 16 size 48 Howl #buckets 8 coarsen threshold 3686 Howl Bitmap #cards 512 size 80 coarsen threshold 460 Card regions per heap region 1 cards per card region 4096

Heap:
 garbage-first heap   total reserved 3108864K, committed 0K, used 0K [0x0000000742400000, 0x0000000800000000)
  region size 2048K, 0 young (0K), 0 survivors (0K)

[error occurred during error reporting (printing heap information), id 0xc0000005, EXCEPTION_ACCESS_VIOLATION (0xc0000005) at pc=0x00007ffca170e429]
GC Heap History (0 events):
No events

Dll operation events (1 events):
Event: 0.013 Loaded shared library C:\Program Files\Java\jdk-22\bin\java.dll

Deoptimization events (0 events):
No events

Classes loaded (0 events):
No events

Classes unloaded (0 events):
No events

Classes redefined (0 events):
No events

Internal exceptions (0 events):
No events

ZGC Phase Switch (0 events):
No events

VM Operations (0 events):
No events

Events (0 events):
No events


Dynamic libraries:
0x00007ff7405f0000 - 0x00007ff740600000 	C:\Program Files\Java\jdk-22\bin\javaw.exe
0x00007ffd02010000 - 0x00007ffd02227000 	C:\WINDOWS\SYSTEM32\ntdll.dll
0x00007ffd005e0000 - 0x00007ffd006a4000 	C:\WINDOWS\System32\KERNEL32.DLL
0x00007ffcff770000 - 0x00007ffcffb1c000 	C:\WINDOWS\System32\KERNELBASE.dll
0x00007ffcff340000 - 0x00007ffcff451000 	C:\WINDOWS\System32\ucrtbase.dll
0x00007ffcf4ff0000 - 0x00007ffcf5007000 	C:\Program Files\Java\jdk-22\bin\jli.dll
0x00007ffce72a0000 - 0x00007ffce72bb000 	C:\Program Files\Java\jdk-22\bin\VCRUNTIME140.dll
0x00007ffd01520000 - 0x00007ffd015d2000 	C:\WINDOWS\System32\ADVAPI32.dll
0x00007ffd00e50000 - 0x00007ffd00ef7000 	C:\WINDOWS\System32\msvcrt.dll
0x00007ffcfff00000 - 0x00007ffcfffaa000 	C:\WINDOWS\System32\sechost.dll
0x00007ffcff5b0000 - 0x00007ffcff5d8000 	C:\WINDOWS\System32\bcrypt.dll
0x00007ffd00450000 - 0x00007ffd00565000 	C:\WINDOWS\System32\RPCRT4.dll
0x00007ffd00c90000 - 0x00007ffd00e3e000 	C:\WINDOWS\System32\USER32.dll
0x00007ffce59d0000 - 0x00007ffce5c63000 	C:\WINDOWS\WinSxS\amd64_microsoft.windows.common-controls_6595b64144ccf1df_6.0.22621.3672_none_2713b9d173822955\COMCTL32.dll
0x00007ffcff460000 - 0x00007ffcff486000 	C:\WINDOWS\System32\win32u.dll
0x00007ffd00c60000 - 0x00007ffd00c89000 	C:\WINDOWS\System32\GDI32.dll
0x00007ffcff490000 - 0x00007ffcff5a9000 	C:\WINDOWS\System32\gdi32full.dll
0x00007ffcff650000 - 0x00007ffcff6ea000 	C:\WINDOWS\System32\msvcp_win.dll
0x00007ffcf6820000 - 0x00007ffcf682a000 	C:\WINDOWS\SYSTEM32\VERSION.dll
0x00007ffd00580000 - 0x00007ffd005b1000 	C:\WINDOWS\System32\IMM32.DLL
0x00007ffcf7c60000 - 0x00007ffcf7c6c000 	C:\Program Files\Java\jdk-22\bin\vcruntime140_1.dll
0x00007ffce0dd0000 - 0x00007ffce0e5e000 	C:\Program Files\Java\jdk-22\bin\msvcp140.dll
0x00007ffca0fd0000 - 0x00007ffca1d17000 	C:\Program Files\Java\jdk-22\bin\server\jvm.dll
0x00007ffd00b80000 - 0x00007ffd00bf1000 	C:\WINDOWS\System32\WS2_32.dll
0x00007ffcfe190000 - 0x00007ffcfe1dd000 	C:\WINDOWS\SYSTEM32\POWRPROF.dll
0x00007ffcf69b0000 - 0x00007ffcf69e4000 	C:\WINDOWS\SYSTEM32\WINMM.dll
0x00007ffcfe170000 - 0x00007ffcfe183000 	C:\WINDOWS\SYSTEM32\UMPDC.dll
0x00007ffcfe420000 - 0x00007ffcfe438000 	C:\WINDOWS\SYSTEM32\kernel.appcore.dll
0x00007ffcf5840000 - 0x00007ffcf584a000 	C:\Program Files\Java\jdk-22\bin\jimage.dll
0x00007ffcf9c30000 - 0x00007ffcf9e62000 	C:\WINDOWS\SYSTEM32\DBGHELP.DLL
0x00007ffd00fb0000 - 0x00007ffd01338000 	C:\WINDOWS\System32\combase.dll
0x00007ffd013a0000 - 0x00007ffd01477000 	C:\WINDOWS\System32\OLEAUT32.dll
0x00007ffce3000000 - 0x00007ffce3032000 	C:\WINDOWS\SYSTEM32\dbgcore.DLL
0x00007ffcff6f0000 - 0x00007ffcff76b000 	C:\WINDOWS\System32\bcryptPrimitives.dll
0x00007ffce67a0000 - 0x00007ffce67be000 	C:\Program Files\Java\jdk-22\bin\java.dll
0x00007ffd015e0000 - 0x00007ffd01e3c000 	C:\WINDOWS\System32\SHELL32.dll
0x00007ffcffd50000 - 0x00007ffcffef5000 	C:\WINDOWS\System32\ole32.dll

dbghelp: loaded successfully - version: 4.0.5 - missing functions: none
symbol engine: initialized successfully - sym options: 0x614 - pdb path: .;C:\Program Files\Java\jdk-22\bin;C:\WINDOWS\SYSTEM32;C:\WINDOWS\WinSxS\amd64_microsoft.windows.common-controls_6595b64144ccf1df_6.0.22621.3672_none_2713b9d173822955;C:\Program Files\Java\jdk-22\bin\server

VM Arguments:
jvm_args: -Dfile.encoding=UTF-8 -Dstdout.encoding=UTF-8 -Dstderr.encoding=UTF-8 -XX:+ShowCodeDetailsInExceptionMessages 
java_command: capitals.Main
java_class_path (initial): C:\Users\palie\OneDrive\Documents\Opsidi-academy\workspace-academy-java\personal\target\classes;C:\Users\palie\.m2\repository\junit\junit\3.8.1\junit-3.8.1.jar
Launcher Type: SUN_STANDARD

[Global flags]
     intx CICompilerCount                          = 4                                         {product} {ergonomic}
     uint ConcGCThreads                            = 2                                         {product} {ergonomic}
     uint G1ConcRefinementThreads                  = 8                                         {product} {ergonomic}
   size_t G1HeapRegionSize                         = 2097152                                   {product} {ergonomic}
   size_t InitialHeapSize                          = 199229440                                 {product} {ergonomic}
   size_t MarkStackSize                            = 4194304                                   {product} {ergonomic}
   size_t MaxHeapSize                              = 3183476736                                {product} {ergonomic}
   size_t MinHeapDeltaBytes                        = 2097152                                   {product} {ergonomic}
   size_t MinHeapSize                              = 8388608                                   {product} {ergonomic}
    uintx NonNMethodCodeHeapSize                   = 5839372                                {pd product} {ergonomic}
    uintx NonProfiledCodeHeapSize                  = 122909434                              {pd product} {ergonomic}
    uintx ProfiledCodeHeapSize                     = 122909434                              {pd product} {ergonomic}
    uintx ReservedCodeCacheSize                    = 251658240                              {pd product} {ergonomic}
     bool SegmentedCodeCache                       = true                                      {product} {ergonomic}
     bool ShowCodeDetailsInExceptionMessages       = true                                   {manageable} {command line}
   size_t SoftMaxHeapSize                          = 3183476736                             {manageable} {ergonomic}
     bool UseCompressedOops                        = true                           {product lp64_product} {ergonomic}
     bool UseG1GC                                  = true                                      {product} {ergonomic}
     bool UseLargePagesIndividualAllocation        = false                                  {pd product} {ergonomic}

Logging:
Log output configuration:
 #0: stdout all=warning uptime,level,tags foldmultilines=false
 #1: stderr all=off uptime,level,tags foldmultilines=false

Environment Variables:
JAVA_HOME=C:\Program Files\Eclipse Adoptium\jdk-11.0.23.9-hotspot\
PATH=C:\Program Files\Common Files\Oracle\Java\javapath;C:\Program Files\Eclipse Adoptium\jdk-11.0.23.9-hotspot\bin;C:\Python312\Scripts\;C:\Python312\;C:\Python311\Scripts\;C:\Python311\;C:\Program Files\Microsoft SDKs\Azure\CLI2\wbin;C:\Program Files\Microsoft\jdk-11.0.16.101-hotspot\bin;C:\WINDOWS\system32;C:\WINDOWS;C:\WINDOWS\System32\Wbem;C:\WINDOWS\System32\WindowsPowerShell\v1.0\;C:\WINDOWS\System32\OpenSSH\;C:\Program Files\dotnet\;C:\ProgramData\chocolatey\bin;C:\Program Files\Git\cmd;C:\Program Files\Microsoft SQL Server\150\Tools\Binn\;C:\Program Files\Microsoft SQL Server\Client SDK\ODBC\170\Tools\Binn\;C:\Program Files (x86)\Microsoft SQL Server\160\Tools\Binn\;C:\Program Files\Microsoft SQL Server\160\Tools\Binn\;C:\Program Files\Microsoft SQL Server\160\DTS\Binn\;C:\Program Files (x86)\Microsoft SQL Server\160\DTS\Binn\;C:\Program Files\Microsoft SQL Server\140\Tools\Binn\;C:\Program Files\nodejs\;C:\Program Files\Java\jdk-22.0.\bin;C:\Program Files\MySQL\MySQL Shell 8.0\bin\;C:\Users\palie\AppData\Local\Microsoft\WindowsApps;;C:\Users\palie\AppData\Local\Programs\Microsoft VS Code\bin;C:\Users\palie\.dotnet\tools;C:\Program Files\Azure Data Studio\bin;C:\Users\palie\.dotnet\tools;C:\Users\palie\AppData\Roaming\npm;C:\Users\palie\AppData\Local\Programs\Azure Data Studio\bin;C:\Users\palie\.fly\bin;C:\Users\palie\.dotnet\tools
USERNAME=palie
OS=Windows_NT
PROCESSOR_IDENTIFIER=Intel64 Family 6 Model 142 Stepping 12, GenuineIntel
TMP=C:\Users\palie\AppData\Local\Temp
TEMP=C:\Users\palie\AppData\Local\Temp




Periodic native trim disabled

---------------  S Y S T E M  ---------------

OS:
 Windows 11 , 64 bit Build 22621 (10.0.22621.3672)
OS uptime: 8 days 7:11 hours
Hyper-V role detected

CPU: total 8 (initial active 8) (4 cores per cpu, 2 threads per core) family 6 model 142 stepping 12 microcode 0xde, cx8, cmov, fxsr, ht, mmx, 3dnowpref, sse, sse2, sse3, ssse3, sse4.1, sse4.2, popcnt, lzcnt, tsc, tscinvbit, avx, avx2, aes, erms, clmul, bmi1, bmi2, adx, fma, vzeroupper, clflush, clflushopt, hv, rdtscp, f16c
Processor Information for all 8 processors :
  Max Mhz: 2101, Current Mhz: 2101, Mhz Limit: 2101

Memory: 4k page, system-wide physical 12139M (2438M free)
TotalPageFile size 49003M (AvailPageFile size 180M)
current process WorkingSet (physical memory assigned to process): 12M, peak: 12M
current process commit charge ("private bytes"): 60M, peak: 250M

vm_info: Java HotSpot(TM) 64-Bit Server VM (22.0.1+8-16) for windows-amd64 JRE (22.0.1+8-16), built on 2024-03-12T10:33:16Z by "mach5one" with MS VC++ 17.6 (VS2022)

END.
